{"C:\\Users\\SENDO\\Desktop\\NEW AGE\\TDD\\react-vitest\\src\\Components\\Calculator.tsx": {"path":"C:\\Users\\SENDO\\Desktop\\NEW AGE\\TDD\\react-vitest\\src\\Components\\Calculator.tsx","all":false,"statementMap":{"0":{"start":{"line":1,"column":0},"end":{"line":1,"column":25}},"1":{"start":{"line":2,"column":0},"end":{"line":2,"column":50}},"2":{"start":{"line":3,"column":0},"end":{"line":3,"column":65}},"3":{"start":{"line":4,"column":0},"end":{"line":4,"column":0}},"4":{"start":{"line":5,"column":0},"end":{"line":5,"column":33}},"5":{"start":{"line":6,"column":0},"end":{"line":6,"column":89}},"6":{"start":{"line":7,"column":0},"end":{"line":7,"column":19}},"7":{"start":{"line":8,"column":0},"end":{"line":8,"column":0}},"8":{"start":{"line":9,"column":0},"end":{"line":9,"column":42}},"9":{"start":{"line":10,"column":0},"end":{"line":10,"column":50}},"10":{"start":{"line":11,"column":0},"end":{"line":11,"column":0}},"11":{"start":{"line":12,"column":0},"end":{"line":12,"column":49}},"12":{"start":{"line":13,"column":0},"end":{"line":13,"column":0}},"13":{"start":{"line":14,"column":0},"end":{"line":14,"column":48}},"14":{"start":{"line":15,"column":0},"end":{"line":15,"column":0}},"15":{"start":{"line":16,"column":0},"end":{"line":16,"column":38}},"16":{"start":{"line":17,"column":0},"end":{"line":17,"column":3}},"17":{"start":{"line":18,"column":0},"end":{"line":18,"column":0}},"18":{"start":{"line":19,"column":0},"end":{"line":19,"column":10}},"19":{"start":{"line":20,"column":0},"end":{"line":20,"column":11}},"20":{"start":{"line":21,"column":0},"end":{"line":21,"column":12}},"21":{"start":{"line":22,"column":0},"end":{"line":22,"column":12}},"22":{"start":{"line":23,"column":0},"end":{"line":23,"column":19}},"23":{"start":{"line":24,"column":0},"end":{"line":24,"column":31}},"24":{"start":{"line":25,"column":0},"end":{"line":25,"column":26}},"25":{"start":{"line":26,"column":0},"end":{"line":26,"column":5}},"26":{"start":{"line":27,"column":0},"end":{"line":27,"column":63}},"27":{"start":{"line":28,"column":0},"end":{"line":28,"column":71}},"28":{"start":{"line":29,"column":0},"end":{"line":29,"column":34}},"29":{"start":{"line":30,"column":0},"end":{"line":30,"column":37}},"30":{"start":{"line":31,"column":0},"end":{"line":31,"column":39}},"31":{"start":{"line":32,"column":0},"end":{"line":32,"column":21}},"32":{"start":{"line":33,"column":0},"end":{"line":33,"column":65}},"33":{"start":{"line":34,"column":0},"end":{"line":34,"column":23}},"34":{"start":{"line":35,"column":0},"end":{"line":35,"column":24}},"35":{"start":{"line":36,"column":0},"end":{"line":36,"column":26}},"36":{"start":{"line":37,"column":0},"end":{"line":37,"column":38}},"37":{"start":{"line":38,"column":0},"end":{"line":38,"column":27}},"38":{"start":{"line":39,"column":0},"end":{"line":39,"column":15}},"39":{"start":{"line":40,"column":0},"end":{"line":40,"column":22}},"40":{"start":{"line":41,"column":0},"end":{"line":41,"column":23}},"41":{"start":{"line":42,"column":0},"end":{"line":42,"column":15}},"42":{"start":{"line":43,"column":0},"end":{"line":43,"column":19}},"43":{"start":{"line":44,"column":0},"end":{"line":44,"column":11}},"44":{"start":{"line":45,"column":0},"end":{"line":45,"column":15}},"45":{"start":{"line":46,"column":0},"end":{"line":46,"column":13}},"46":{"start":{"line":47,"column":0},"end":{"line":47,"column":4}},"47":{"start":{"line":48,"column":0},"end":{"line":48,"column":2}}},"s":{"0":1,"1":1,"2":1,"3":1,"4":1,"5":62,"6":62,"7":62,"8":62,"9":1220,"10":1159,"11":1220,"12":1098,"13":1220,"14":1037,"15":1037,"16":1037,"17":62,"18":62,"19":62,"20":62,"21":62,"22":62,"23":62,"24":62,"25":62,"26":62,"27":62,"28":62,"29":62,"30":62,"31":62,"32":62,"33":62,"34":62,"35":62,"36":62,"37":62,"38":62,"39":62,"40":62,"41":62,"42":62,"43":62,"44":62,"45":62,"46":62,"47":62},"branchMap":{"0":{"type":"branch","line":5,"loc":{"start":{"line":5,"column":26},"end":{"line":48,"column":2}},"locations":[{"start":{"line":5,"column":26},"end":{"line":48,"column":2}}]},"1":{"type":"branch","line":9,"loc":{"start":{"line":9,"column":2},"end":{"line":17,"column":3}},"locations":[{"start":{"line":9,"column":2},"end":{"line":17,"column":3}}]},"2":{"type":"branch","line":10,"loc":{"start":{"line":10,"column":24},"end":{"line":10,"column":50}},"locations":[{"start":{"line":10,"column":24},"end":{"line":10,"column":50}}]},"3":{"type":"branch","line":10,"loc":{"start":{"line":10,"column":31},"end":{"line":12,"column":23}},"locations":[{"start":{"line":10,"column":31},"end":{"line":12,"column":23}}]},"4":{"type":"branch","line":12,"loc":{"start":{"line":12,"column":23},"end":{"line":12,"column":49}},"locations":[{"start":{"line":12,"column":23},"end":{"line":12,"column":49}}]},"5":{"type":"branch","line":12,"loc":{"start":{"line":12,"column":30},"end":{"line":14,"column":27}},"locations":[{"start":{"line":12,"column":30},"end":{"line":14,"column":27}}]},"6":{"type":"branch","line":14,"loc":{"start":{"line":14,"column":27},"end":{"line":14,"column":48}},"locations":[{"start":{"line":14,"column":27},"end":{"line":14,"column":48}}]},"7":{"type":"branch","line":14,"loc":{"start":{"line":14,"column":34},"end":{"line":17,"column":3}},"locations":[{"start":{"line":14,"column":34},"end":{"line":17,"column":3}}]},"8":{"type":"branch","line":33,"loc":{"start":{"line":33,"column":38},"end":{"line":33,"column":58}},"locations":[{"start":{"line":33,"column":38},"end":{"line":33,"column":58}}]},"9":{"type":"branch","line":33,"loc":{"start":{"line":33,"column":49},"end":{"line":33,"column":63}},"locations":[{"start":{"line":33,"column":49},"end":{"line":33,"column":63}}]}},"b":{"0":[62],"1":[1220],"2":[61],"3":[1159],"4":[61],"5":[1098],"6":[61],"7":[1037],"8":[61],"9":[1159]},"fnMap":{"0":{"name":"Calculator","decl":{"start":{"line":5,"column":26},"end":{"line":48,"column":2}},"loc":{"start":{"line":5,"column":26},"end":{"line":48,"column":2}},"line":5},"1":{"name":"state","decl":{"start":{"line":9,"column":2},"end":{"line":17,"column":3}},"loc":{"start":{"line":9,"column":2},"end":{"line":17,"column":3}},"line":9}},"f":{"0":62,"1":1220}}
,"C:\\Users\\SENDO\\Desktop\\NEW AGE\\TDD\\react-vitest\\src\\Components\\index.ts": {"path":"C:\\Users\\SENDO\\Desktop\\NEW AGE\\TDD\\react-vitest\\src\\Components\\index.ts","all":false,"statementMap":{"0":{"start":{"line":1,"column":0},"end":{"line":1,"column":40}},"1":{"start":{"line":2,"column":0},"end":{"line":2,"column":0}},"2":{"start":{"line":3,"column":0},"end":{"line":3,"column":107}},"3":{"start":{"line":4,"column":0},"end":{"line":4,"column":0}},"4":{"start":{"line":5,"column":0},"end":{"line":5,"column":18}},"5":{"start":{"line":6,"column":0},"end":{"line":6,"column":15}},"6":{"start":{"line":7,"column":0},"end":{"line":7,"column":0}},"7":{"start":{"line":8,"column":0},"end":{"line":8,"column":38}}},"s":{"0":1,"1":1,"2":1,"3":1,"4":1,"5":1,"6":1,"7":1},"branchMap":{},"b":{},"fnMap":{},"f":{}}
,"C:\\Users\\SENDO\\Desktop\\NEW AGE\\TDD\\react-vitest\\src\\hook\\calculator.ts": {"path":"C:\\Users\\SENDO\\Desktop\\NEW AGE\\TDD\\react-vitest\\src\\hook\\calculator.ts","all":false,"statementMap":{"0":{"start":{"line":1,"column":0},"end":{"line":1,"column":44}},"1":{"start":{"line":2,"column":0},"end":{"line":2,"column":33}},"2":{"start":{"line":3,"column":0},"end":{"line":3,"column":0}},"3":{"start":{"line":4,"column":0},"end":{"line":4,"column":32}},"4":{"start":{"line":5,"column":0},"end":{"line":5,"column":41}},"5":{"start":{"line":6,"column":0},"end":{"line":6,"column":46}},"6":{"start":{"line":7,"column":0},"end":{"line":7,"column":40}},"7":{"start":{"line":8,"column":0},"end":{"line":8,"column":0}},"8":{"start":{"line":9,"column":0},"end":{"line":9,"column":35}},"9":{"start":{"line":10,"column":0},"end":{"line":10,"column":23}},"10":{"start":{"line":11,"column":0},"end":{"line":11,"column":19}},"11":{"start":{"line":12,"column":0},"end":{"line":12,"column":20}},"12":{"start":{"line":13,"column":0},"end":{"line":13,"column":13}},"13":{"start":{"line":14,"column":0},"end":{"line":14,"column":5}},"14":{"start":{"line":15,"column":0},"end":{"line":15,"column":17}},"15":{"start":{"line":16,"column":0},"end":{"line":16,"column":17}},"16":{"start":{"line":17,"column":0},"end":{"line":17,"column":4}},"17":{"start":{"line":18,"column":0},"end":{"line":18,"column":0}},"18":{"start":{"line":19,"column":0},"end":{"line":19,"column":63}},"19":{"start":{"line":20,"column":0},"end":{"line":20,"column":42}},"20":{"start":{"line":21,"column":0},"end":{"line":21,"column":20}},"21":{"start":{"line":22,"column":0},"end":{"line":22,"column":13}},"22":{"start":{"line":23,"column":0},"end":{"line":23,"column":5}},"23":{"start":{"line":24,"column":0},"end":{"line":24,"column":35}},"24":{"start":{"line":25,"column":0},"end":{"line":25,"column":56}},"25":{"start":{"line":26,"column":0},"end":{"line":26,"column":25}},"26":{"start":{"line":27,"column":0},"end":{"line":27,"column":13}},"27":{"start":{"line":28,"column":0},"end":{"line":28,"column":5}},"28":{"start":{"line":29,"column":0},"end":{"line":29,"column":0}},"29":{"start":{"line":30,"column":0},"end":{"line":30,"column":17}},"30":{"start":{"line":31,"column":0},"end":{"line":31,"column":31}},"31":{"start":{"line":32,"column":0},"end":{"line":32,"column":25}},"32":{"start":{"line":33,"column":0},"end":{"line":33,"column":13}},"33":{"start":{"line":34,"column":0},"end":{"line":34,"column":5}},"34":{"start":{"line":35,"column":0},"end":{"line":35,"column":0}},"35":{"start":{"line":36,"column":0},"end":{"line":36,"column":54}},"36":{"start":{"line":37,"column":0},"end":{"line":37,"column":4}},"37":{"start":{"line":38,"column":0},"end":{"line":38,"column":0}},"38":{"start":{"line":39,"column":0},"end":{"line":39,"column":40}},"39":{"start":{"line":40,"column":0},"end":{"line":40,"column":35}},"40":{"start":{"line":41,"column":0},"end":{"line":41,"column":13}},"41":{"start":{"line":42,"column":0},"end":{"line":42,"column":5}},"42":{"start":{"line":43,"column":0},"end":{"line":43,"column":0}},"43":{"start":{"line":44,"column":0},"end":{"line":44,"column":30}},"44":{"start":{"line":45,"column":0},"end":{"line":45,"column":23}},"45":{"start":{"line":46,"column":0},"end":{"line":46,"column":4}},"46":{"start":{"line":47,"column":0},"end":{"line":47,"column":0}},"47":{"start":{"line":48,"column":0},"end":{"line":48,"column":40}},"48":{"start":{"line":49,"column":0},"end":{"line":49,"column":18}},"49":{"start":{"line":50,"column":0},"end":{"line":50,"column":20}},"50":{"start":{"line":51,"column":0},"end":{"line":51,"column":4}},"51":{"start":{"line":52,"column":0},"end":{"line":52,"column":0}},"52":{"start":{"line":53,"column":0},"end":{"line":53,"column":10}},"53":{"start":{"line":54,"column":0},"end":{"line":54,"column":10}},"54":{"start":{"line":55,"column":0},"end":{"line":55,"column":21}},"55":{"start":{"line":56,"column":0},"end":{"line":56,"column":21}},"56":{"start":{"line":57,"column":0},"end":{"line":57,"column":24}},"57":{"start":{"line":58,"column":0},"end":{"line":58,"column":16}},"58":{"start":{"line":59,"column":0},"end":{"line":59,"column":4}},"59":{"start":{"line":60,"column":0},"end":{"line":60,"column":1}}},"s":{"0":1,"1":1,"2":1,"3":1,"4":62,"5":62,"6":62,"7":62,"8":62,"9":2,"10":1,"11":1,"12":1,"13":1,"14":1,"15":1,"16":1,"17":62,"18":62,"19":35,"20":1,"21":1,"22":1,"23":35,"24":1,"25":1,"26":1,"27":1,"28":33,"29":35,"30":2,"31":2,"32":2,"33":2,"34":31,"35":31,"36":31,"37":62,"38":62,"39":8,"40":1,"41":1,"42":7,"43":7,"44":7,"45":7,"46":62,"47":62,"48":3,"49":3,"50":3,"51":62,"52":62,"53":62,"54":62,"55":62,"56":62,"57":62,"58":62,"59":62},"branchMap":{"0":{"type":"branch","line":4,"loc":{"start":{"line":4,"column":7},"end":{"line":60,"column":1}},"locations":[{"start":{"line":4,"column":7},"end":{"line":60,"column":1}}]},"1":{"type":"branch","line":9,"loc":{"start":{"line":9,"column":22},"end":{"line":17,"column":4}},"locations":[{"start":{"line":9,"column":22},"end":{"line":17,"column":4}}]},"2":{"type":"branch","line":9,"loc":{"start":{"line":9,"column":28},"end":{"line":17,"column":4}},"locations":[{"start":{"line":9,"column":28},"end":{"line":17,"column":4}}]},"3":{"type":"branch","line":10,"loc":{"start":{"line":10,"column":22},"end":{"line":17,"column":4}},"locations":[{"start":{"line":10,"column":22},"end":{"line":17,"column":4}}]},"4":{"type":"branch","line":19,"loc":{"start":{"line":19,"column":30},"end":{"line":37,"column":4}},"locations":[{"start":{"line":19,"column":30},"end":{"line":37,"column":4}}]},"5":{"type":"branch","line":19,"loc":{"start":{"line":19,"column":56},"end":{"line":37,"column":4}},"locations":[{"start":{"line":19,"column":56},"end":{"line":37,"column":4}}]},"6":{"type":"branch","line":20,"loc":{"start":{"line":20,"column":18},"end":{"line":20,"column":41}},"locations":[{"start":{"line":20,"column":18},"end":{"line":20,"column":41}}]},"7":{"type":"branch","line":20,"loc":{"start":{"line":20,"column":41},"end":{"line":23,"column":5}},"locations":[{"start":{"line":20,"column":41},"end":{"line":23,"column":5}}]},"8":{"type":"branch","line":23,"loc":{"start":{"line":23,"column":4},"end":{"line":24,"column":26}},"locations":[{"start":{"line":23,"column":4},"end":{"line":24,"column":26}}]},"9":{"type":"branch","line":24,"loc":{"start":{"line":24,"column":18},"end":{"line":24,"column":34}},"locations":[{"start":{"line":24,"column":18},"end":{"line":24,"column":34}}]},"10":{"type":"branch","line":24,"loc":{"start":{"line":24,"column":34},"end":{"line":28,"column":5}},"locations":[{"start":{"line":24,"column":34},"end":{"line":28,"column":5}}]},"11":{"type":"branch","line":28,"loc":{"start":{"line":28,"column":4},"end":{"line":30,"column":16}},"locations":[{"start":{"line":28,"column":4},"end":{"line":30,"column":16}}]},"12":{"type":"branch","line":30,"loc":{"start":{"line":30,"column":16},"end":{"line":34,"column":5}},"locations":[{"start":{"line":30,"column":16},"end":{"line":34,"column":5}}]},"13":{"type":"branch","line":34,"loc":{"start":{"line":34,"column":4},"end":{"line":37,"column":4}},"locations":[{"start":{"line":34,"column":4},"end":{"line":37,"column":4}}]},"14":{"type":"branch","line":39,"loc":{"start":{"line":39,"column":27},"end":{"line":46,"column":4}},"locations":[{"start":{"line":39,"column":27},"end":{"line":46,"column":4}}]},"15":{"type":"branch","line":39,"loc":{"start":{"line":39,"column":33},"end":{"line":46,"column":4}},"locations":[{"start":{"line":39,"column":33},"end":{"line":46,"column":4}}]},"16":{"type":"branch","line":40,"loc":{"start":{"line":40,"column":34},"end":{"line":42,"column":5}},"locations":[{"start":{"line":40,"column":34},"end":{"line":42,"column":5}}]},"17":{"type":"branch","line":42,"loc":{"start":{"line":42,"column":4},"end":{"line":46,"column":4}},"locations":[{"start":{"line":42,"column":4},"end":{"line":46,"column":4}}]},"18":{"type":"branch","line":48,"loc":{"start":{"line":48,"column":27},"end":{"line":51,"column":4}},"locations":[{"start":{"line":48,"column":27},"end":{"line":51,"column":4}}]},"19":{"type":"branch","line":48,"loc":{"start":{"line":48,"column":33},"end":{"line":51,"column":4}},"locations":[{"start":{"line":48,"column":33},"end":{"line":51,"column":4}}]}},"b":{"0":[62],"1":[61],"2":[2],"3":[1],"4":[1037],"5":[35],"6":[2],"7":[1],"8":[34],"9":[10],"10":[1],"11":[33],"12":[2],"13":[31],"14":[61],"15":[8],"16":[1],"17":[7],"18":[61],"19":[3]},"fnMap":{"0":{"name":"SetCalculate","decl":{"start":{"line":4,"column":7},"end":{"line":60,"column":1}},"loc":{"start":{"line":4,"column":7},"end":{"line":60,"column":1}},"line":4},"1":{"name":"handleONOFF","decl":{"start":{"line":9,"column":22},"end":{"line":17,"column":4}},"loc":{"start":{"line":9,"column":22},"end":{"line":17,"column":4}},"line":9},"2":{"name":"handleClickSetValue","decl":{"start":{"line":19,"column":30},"end":{"line":37,"column":4}},"loc":{"start":{"line":19,"column":30},"end":{"line":37,"column":4}},"line":19},"3":{"name":"handleClickEqual","decl":{"start":{"line":39,"column":27},"end":{"line":46,"column":4}},"loc":{"start":{"line":39,"column":27},"end":{"line":46,"column":4}},"line":39},"4":{"name":"handleClickReset","decl":{"start":{"line":48,"column":27},"end":{"line":51,"column":4}},"loc":{"start":{"line":48,"column":27},"end":{"line":51,"column":4}},"line":48}},"f":{"0":62,"1":61,"2":1037,"3":61,"4":61}}
}
